Using pre-set license
Built from '2022.3/release' branch; Version is '2022.3.20f1 (61c2feb0970d) revision 6406910'; Using compiler version '192829333'; Build Type 'Release'
OS: 'Windows 11  (10.0.22631) 64bit Core' Language: 'pl' Physical Memory: 24483 MB
BatchMode: 1, IsHumanControllingUs: 0, StartBugReporterOnCrash: 0, Is64bit: 1, IsPro: 1

COMMAND LINE ARGUMENTS:
C:\Program Files\Unity\Hub\Editor\2022.3.20f1\Editor\Unity.exe
-adb2
-batchMode
-noUpm
-name
AssetImportWorker2
-projectPath
C:/Users/micha/source/unity/StarOdyssey
-logFile
Logs/AssetImportWorker2.log
-srvPort
62454
Successfully changed project path to: C:/Users/micha/source/unity/StarOdyssey
C:/Users/micha/source/unity/StarOdyssey
[UnityMemory] Configuration Parameters - Can be set up in boot.config
    "memorysetup-bucket-allocator-granularity=16"
    "memorysetup-bucket-allocator-bucket-count=8"
    "memorysetup-bucket-allocator-block-size=33554432"
    "memorysetup-bucket-allocator-block-count=8"
    "memorysetup-main-allocator-block-size=16777216"
    "memorysetup-thread-allocator-block-size=16777216"
    "memorysetup-gfx-main-allocator-block-size=16777216"
    "memorysetup-gfx-thread-allocator-block-size=16777216"
    "memorysetup-cache-allocator-block-size=4194304"
    "memorysetup-typetree-allocator-block-size=2097152"
    "memorysetup-profiler-bucket-allocator-granularity=16"
    "memorysetup-profiler-bucket-allocator-bucket-count=8"
    "memorysetup-profiler-bucket-allocator-block-size=33554432"
    "memorysetup-profiler-bucket-allocator-block-count=8"
    "memorysetup-profiler-allocator-block-size=16777216"
    "memorysetup-profiler-editor-allocator-block-size=1048576"
    "memorysetup-temp-allocator-size-main=16777216"
    "memorysetup-job-temp-allocator-block-size=2097152"
    "memorysetup-job-temp-allocator-block-size-background=1048576"
    "memorysetup-job-temp-allocator-reduction-small-platforms=262144"
    "memorysetup-allocator-temp-initial-block-size-main=262144"
    "memorysetup-allocator-temp-initial-block-size-worker=262144"
    "memorysetup-temp-allocator-size-background-worker=32768"
    "memorysetup-temp-allocator-size-job-worker=262144"
    "memorysetup-temp-allocator-size-preload-manager=33554432"
    "memorysetup-temp-allocator-size-nav-mesh-worker=65536"
    "memorysetup-temp-allocator-size-audio-worker=65536"
    "memorysetup-temp-allocator-size-cloud-worker=32768"
    "memorysetup-temp-allocator-size-gi-baking-worker=262144"
    "memorysetup-temp-allocator-size-gfx=262144"
Player connection [6492] Host "[IP] 192.168.0.155 [Port] 0 [Flags] 2 [Guid] 77916250 [EditorId] 77916250 [Version] 1048832 [Id] WindowsEditor(7,PC_5600) [Debug] 1 [PackageName] WindowsEditor [ProjectName] Editor" joined multi-casting on [225.0.0.222:54997]...

Player connection [6492] Host "[IP] 192.168.0.155 [Port] 0 [Flags] 2 [Guid] 77916250 [EditorId] 77916250 [Version] 1048832 [Id] WindowsEditor(7,PC_5600) [Debug] 1 [PackageName] WindowsEditor [ProjectName] Editor" joined alternative multi-casting on [225.0.0.222:34997]...

[Physics::Module] Initialized MultithreadedJobDispatcher with 11 workers.
Refreshing native plugins compatible for Editor in 1438.45 ms, found 4 plugins.
Preloading 0 native plugins for Editor in 0.00 ms.
Initialize engine version: 2022.3.20f1 (61c2feb0970d)
[Subsystems] Discovering subsystems at path C:/Program Files/Unity/Hub/Editor/2022.3.20f1/Editor/Data/Resources/UnitySubsystems
[Subsystems] Discovering subsystems at path C:/Users/micha/source/unity/StarOdyssey/Assets
GfxDevice: creating device client; threaded=0; jobified=0
Direct3D:
    Version:  Direct3D 11.0 [level 11.1]
    Renderer: NVIDIA GeForce GTX 1050 Ti (ID=0x1c82)
    Vendor:   NVIDIA
    VRAM:     4004 MB
    Driver:   31.0.15.5176
Initialize mono
Mono path[0] = 'C:/Program Files/Unity/Hub/Editor/2022.3.20f1/Editor/Data/Managed'
Mono path[1] = 'C:/Program Files/Unity/Hub/Editor/2022.3.20f1/Editor/Data/MonoBleedingEdge/lib/mono/unityjit-win32'
Mono config path = 'C:/Program Files/Unity/Hub/Editor/2022.3.20f1/Editor/Data/MonoBleedingEdge/etc'
Using monoOptions --debugger-agent=transport=dt_socket,embedding=1,server=y,suspend=n,address=127.0.0.1:56248
Begin MonoManager ReloadAssembly
Registering precompiled unity dll's ...
Register platform support module: C:/Program Files/Unity/Hub/Editor/2022.3.20f1/Editor/Data/PlaybackEngines/WebGLSupport/UnityEditor.WebGL.Extensions.dll
Register platform support module: C:/Program Files/Unity/Hub/Editor/2022.3.20f1/Editor/Data/PlaybackEngines/WindowsStandaloneSupport/UnityEditor.WindowsStandalone.Extensions.dll
Registered in 0.181403 seconds.
- Loaded All Assemblies, in  5.417 seconds
Native extension for WindowsStandalone target not found
Native extension for WebGL target not found
Mono: successfully reloaded assembly
- Finished resetting the current domain, in  0.270 seconds
Domain Reload Profiling: 5686ms
	BeginReloadAssembly (4067ms)
		ExecutionOrderSort (0ms)
		DisableScriptedObjects (0ms)
		BackupInstance (0ms)
		ReleaseScriptingObjects (0ms)
		CreateAndSetChildDomain (1ms)
	RebuildCommonClasses (308ms)
	RebuildNativeTypeToScriptingClass (7ms)
	initialDomainReloadingComplete (225ms)
	LoadAllAssembliesAndSetupDomain (808ms)
		LoadAssemblies (4065ms)
		RebuildTransferFunctionScriptingTraits (0ms)
		AnalyzeDomain (806ms)
			TypeCache.Refresh (805ms)
				TypeCache.ScanAssembly (561ms)
			ScanForSourceGeneratedMonoScriptInfo (0ms)
			ResolveRequiredComponents (1ms)
	FinalizeReload (271ms)
		ReleaseScriptCaches (0ms)
		RebuildScriptCaches (0ms)
		SetupLoadedEditorAssemblies (214ms)
			LogAssemblyErrors (0ms)
			InitializePlatformSupportModulesInManaged (9ms)
			SetLoadedEditorAssemblies (5ms)
			RefreshPlugins (0ms)
			BeforeProcessingInitializeOnLoad (2ms)
			ProcessInitializeOnLoadAttributes (144ms)
			ProcessInitializeOnLoadMethodAttributes (53ms)
			AfterProcessingInitializeOnLoad (0ms)
			EditorAssembliesLoaded (0ms)
		ExecutionOrderSort2 (0ms)
		AwakeInstancesAfterBackupRestoration (0ms)
========================================================================
Worker process is ready to serve import requests
Begin MonoManager ReloadAssembly
- Loaded All Assemblies, in  6.319 seconds
Refreshing native plugins compatible for Editor in 4.48 ms, found 4 plugins.
Native extension for WindowsStandalone target not found
Native extension for WebGL target not found
Package Manager log level set to [2]
[Package Manager] Server::EnsureServerProcessIsRunning -- launch failed, reason: Unity was launched with the -noUpm command-line argument
[Package Manager] UpmClient::Send -- Unable to send message (not connected to UPM process).
[Package Manager] Cannot connect to Unity Package Manager local server
Mono: successfully reloaded assembly
- Finished resetting the current domain, in  0.693 seconds
Domain Reload Profiling: 7008ms
	BeginReloadAssembly (116ms)
		ExecutionOrderSort (0ms)
		DisableScriptedObjects (5ms)
		BackupInstance (0ms)
		ReleaseScriptingObjects (0ms)
		CreateAndSetChildDomain (19ms)
	RebuildCommonClasses (25ms)
	RebuildNativeTypeToScriptingClass (8ms)
	initialDomainReloadingComplete (36ms)
	LoadAllAssembliesAndSetupDomain (6130ms)
		LoadAssemblies (5776ms)
		RebuildTransferFunctionScriptingTraits (0ms)
		AnalyzeDomain (419ms)
			TypeCache.Refresh (388ms)
				TypeCache.ScanAssembly (341ms)
			ScanForSourceGeneratedMonoScriptInfo (22ms)
			ResolveRequiredComponents (8ms)
	FinalizeReload (693ms)
		ReleaseScriptCaches (0ms)
		RebuildScriptCaches (0ms)
		SetupLoadedEditorAssemblies (561ms)
			LogAssemblyErrors (0ms)
			InitializePlatformSupportModulesInManaged (6ms)
			SetLoadedEditorAssemblies (4ms)
			RefreshPlugins (0ms)
			BeforeProcessingInitializeOnLoad (73ms)
			ProcessInitializeOnLoadAttributes (419ms)
			ProcessInitializeOnLoadMethodAttributes (53ms)
			AfterProcessingInitializeOnLoad (6ms)
			EditorAssembliesLoaded (0ms)
		ExecutionOrderSort2 (0ms)
		AwakeInstancesAfterBackupRestoration (6ms)
Launched and connected shader compiler UnityShaderCompiler.exe after 0.05 seconds
Refreshing native plugins compatible for Editor in 4.81 ms, found 4 plugins.
Preloading 0 native plugins for Editor in 0.00 ms.
Unloading 5753 Unused Serialized files (Serialized files now loaded: 0)
Unloading 100 unused Assets / (0.9 MB). Loaded Objects now: 6203.
Memory consumption went from 223.7 MB to 222.8 MB.
Total: 3.981500 ms (FindLiveObjects: 0.400400 ms CreateObjectMapping: 0.168100 ms MarkObjects: 2.987800 ms  DeleteObjects: 0.424400 ms)

AssetImportParameters requested are different than current active one (requested -> active):
  custom:container-demuxer-ogg: 62fdf1f143b41e24485cea50d1cbac27 -> 
  custom:video-decoder-ogg-theora: a1e56fd34408186e4bbccfd4996cb3dc -> 
  custom:framework-win-MediaFoundation: 216162199b28c13a410421893ffa2e32 -> 
  custom:CustomObjectIndexerAttribute: 62b5816608c3102f162a1797e29626cf -> 
  custom:container-demuxer-webm: 4f35f7cbe854078d1ac9338744f61a02 -> 
  custom:container-muxer-webm: aa71ff27fc2769a1b78a27578f13a17b -> 
  custom:video-decoder-webm-vp8: 9c59270c3fd7afecdb556c50c9e8de78 -> 
  custom:SearchIndexIgnoredProperties: e643bd26f0fe6173181afceb89e7c659 -> 
  custom:AudioImporter_EditorPlatform: d09bf68614088b80899f8185d706f6e7 -> 
  custom:video-encoder-webm-vp8: eb34c28f22e8b96e1ab97ce403110664 -> 
  custom:audio-decoder-ogg-vorbis: bf7c407c2cedff20999df2af8eb42d56 -> 
  custom:audio-encoder-webm-vorbis: bf7c407c2cedff20999df2af8eb42d56 -> 
========================================================================
Received Import Request.
  Time since last request: 433779.402226 seconds.
  path: Assets/Models/Enviroment/Box_5.asset
  artifactKey: Guid(d58e3a66df6ba024aa0105d604f40885) Importer(815301076,1909f56bfc062723c751e8b465ee728b)
Start importing Assets/Models/Enviroment/Box_5.asset using Guid(d58e3a66df6ba024aa0105d604f40885) Importer(815301076,1909f56bfc062723c751e8b465ee728b)  -> (artifact id: 'beec2119c3522ed6403ce81850d17eea') in 0.068851 seconds
Number of updated asset objects reloaded before import = 0
Number of asset objects unloaded after import = 3
========================================================================
Received Import Request.
  Time since last request: 119.977842 seconds.
  path: Assets/Models/Enviroment/Box_3.asset
  artifactKey: Guid(df7e169113b66934f9086c0305d711bb) Importer(815301076,1909f56bfc062723c751e8b465ee728b)
Start importing Assets/Models/Enviroment/Box_3.asset using Guid(df7e169113b66934f9086c0305d711bb) Importer(815301076,1909f56bfc062723c751e8b465ee728b)  -> (artifact id: 'bd2791b9bb605bee2cf33176c87d2d5a') in 0.012216 seconds
Number of updated asset objects reloaded before import = 0
Number of asset objects unloaded after import = 3
========================================================================
Received Import Request.
  Time since last request: 0.000014 seconds.
  path: Assets/Models/Enviroment/Floor_13.asset
  artifactKey: Guid(f440f0f77a38768439fbd05a03d4dc7c) Importer(815301076,1909f56bfc062723c751e8b465ee728b)
Start importing Assets/Models/Enviroment/Floor_13.asset using Guid(f440f0f77a38768439fbd05a03d4dc7c) Importer(815301076,1909f56bfc062723c751e8b465ee728b)  -> (artifact id: 'dbab30e2b2b2aa6025a121089c2cc4bb') in 0.010061 seconds
Number of updated asset objects reloaded before import = 0
Number of asset objects unloaded after import = 3
========================================================================
Received Import Request.
  Time since last request: 0.000018 seconds.
  path: Assets/Models/Enviroment/Floor_8.asset
  artifactKey: Guid(5d2ec829a7721e34e86d6e3d241a7fa9) Importer(815301076,1909f56bfc062723c751e8b465ee728b)
Start importing Assets/Models/Enviroment/Floor_8.asset using Guid(5d2ec829a7721e34e86d6e3d241a7fa9) Importer(815301076,1909f56bfc062723c751e8b465ee728b)  -> (artifact id: '984431f73626cef4330fb30528e76a6c') in 0.009847 seconds
Number of updated asset objects reloaded before import = 0
Number of asset objects unloaded after import = 3
========================================================================
Received Import Request.
  Time since last request: 0.000019 seconds.
  path: Assets/Models/Enviroment/Floor_12.asset
  artifactKey: Guid(42039bfae7278764a89eadfe45f1bc0d) Importer(815301076,1909f56bfc062723c751e8b465ee728b)
Start importing Assets/Models/Enviroment/Floor_12.asset using Guid(42039bfae7278764a89eadfe45f1bc0d) Importer(815301076,1909f56bfc062723c751e8b465ee728b)  -> (artifact id: '1df28b153579dae5c598e44ee799aa10') in 0.008315 seconds
Number of updated asset objects reloaded before import = 0
Number of asset objects unloaded after import = 3
========================================================================
Received Import Request.
  Time since last request: 0.000012 seconds.
  path: Assets/Models/Enviroment/Floor_9.asset
  artifactKey: Guid(6c9226173c9d3c940871351f9ac84fe8) Importer(815301076,1909f56bfc062723c751e8b465ee728b)
Start importing Assets/Models/Enviroment/Floor_9.asset using Guid(6c9226173c9d3c940871351f9ac84fe8) Importer(815301076,1909f56bfc062723c751e8b465ee728b)  -> (artifact id: 'bab539c2faae49f20383257bcfe74c29') in 0.008567 seconds
Number of updated asset objects reloaded before import = 0
Number of asset objects unloaded after import = 3
========================================================================
Received Import Request.
  Time since last request: 0.000015 seconds.
  path: Assets/Models/Enviroment/Generator_2.asset
  artifactKey: Guid(a8629fb1d640c7f48b382923a76b0472) Importer(815301076,1909f56bfc062723c751e8b465ee728b)
Start importing Assets/Models/Enviroment/Generator_2.asset using Guid(a8629fb1d640c7f48b382923a76b0472) Importer(815301076,1909f56bfc062723c751e8b465ee728b)  -> (artifact id: 'f787d987fc1d4c5bf6b4a1cdc0a2f037') in 0.008598 seconds
Number of updated asset objects reloaded before import = 0
Number of asset objects unloaded after import = 3
========================================================================
Received Import Request.
  Time since last request: 0.000013 seconds.
  path: Assets/Models/Enviroment/Generator_6.asset
  artifactKey: Guid(969b41ae86488144a906a119e51548cb) Importer(815301076,1909f56bfc062723c751e8b465ee728b)
Start importing Assets/Models/Enviroment/Generator_6.asset using Guid(969b41ae86488144a906a119e51548cb) Importer(815301076,1909f56bfc062723c751e8b465ee728b)  -> (artifact id: '779c59078fd7fba994c0dd31ce286076') in 0.009394 seconds
Number of updated asset objects reloaded before import = 0
Number of asset objects unloaded after import = 3
========================================================================
Received Import Request.
  Time since last request: 0.000015 seconds.
  path: Assets/Models/Enviroment/Floor_10.asset
  artifactKey: Guid(57104ee31166c6744aa7c7c39cae0973) Importer(815301076,1909f56bfc062723c751e8b465ee728b)
Start importing Assets/Models/Enviroment/Floor_10.asset using Guid(57104ee31166c6744aa7c7c39cae0973) Importer(815301076,1909f56bfc062723c751e8b465ee728b)  -> (artifact id: '6852b407c6a59426355898fa3cce6ea1') in 0.009868 seconds
Number of updated asset objects reloaded before import = 0
Number of asset objects unloaded after import = 3
========================================================================
Received Import Request.
  Time since last request: 0.000020 seconds.
  path: Assets/Models/Enviroment/Box_5.asset
  artifactKey: Guid(d58e3a66df6ba024aa0105d604f40885) Importer(815301076,1909f56bfc062723c751e8b465ee728b)
Start importing Assets/Models/Enviroment/Box_5.asset using Guid(d58e3a66df6ba024aa0105d604f40885) Importer(815301076,1909f56bfc062723c751e8b465ee728b)  -> (artifact id: 'f6b3119c091d8ad90b019d1fc65d5ef6') in 0.009773 seconds
Number of updated asset objects reloaded before import = 0
Number of asset objects unloaded after import = 3
========================================================================
Received Import Request.
  Time since last request: 0.000021 seconds.
  path: Assets/Models/Enviroment/Generator_4.asset
  artifactKey: Guid(0cbe990835cb53a4bbac33477f8e37b0) Importer(815301076,1909f56bfc062723c751e8b465ee728b)
Start importing Assets/Models/Enviroment/Generator_4.asset using Guid(0cbe990835cb53a4bbac33477f8e37b0) Importer(815301076,1909f56bfc062723c751e8b465ee728b)  -> (artifact id: '1cd6927cfbceb18214ce05ad351bcb83') in 0.009291 seconds
Number of updated asset objects reloaded before import = 0
Number of asset objects unloaded after import = 3
========================================================================
Received Import Request.
  Time since last request: 0.000013 seconds.
  path: Assets/Models/Enviroment/Generator_1.asset
  artifactKey: Guid(b7f61352ac8e6ad4c99e112ddaaa89d5) Importer(815301076,1909f56bfc062723c751e8b465ee728b)
Start importing Assets/Models/Enviroment/Generator_1.asset using Guid(b7f61352ac8e6ad4c99e112ddaaa89d5) Importer(815301076,1909f56bfc062723c751e8b465ee728b)  -> (artifact id: 'e3686429957cd37cb97b9f98488773ed') in 0.007731 seconds
Number of updated asset objects reloaded before import = 0
Number of asset objects unloaded after import = 3
========================================================================
Received Import Request.
  Time since last request: 0.000013 seconds.
  path: Assets/Models/Enviroment/Floor_3.asset
  artifactKey: Guid(8e72676f89f29b94f9c0228af1136689) Importer(815301076,1909f56bfc062723c751e8b465ee728b)
Start importing Assets/Models/Enviroment/Floor_3.asset using Guid(8e72676f89f29b94f9c0228af1136689) Importer(815301076,1909f56bfc062723c751e8b465ee728b)  -> (artifact id: '93eaf3ae254a078b2e446d697e87c814') in 0.009939 seconds
Number of updated asset objects reloaded before import = 0
Number of asset objects unloaded after import = 3
========================================================================
Received Import Request.
  Time since last request: 0.000016 seconds.
  path: Assets/Models/Enviroment/Floor_6.asset
  artifactKey: Guid(717a72d2e1c197c459cdf3bc47835ca5) Importer(815301076,1909f56bfc062723c751e8b465ee728b)
Start importing Assets/Models/Enviroment/Floor_6.asset using Guid(717a72d2e1c197c459cdf3bc47835ca5) Importer(815301076,1909f56bfc062723c751e8b465ee728b)  -> (artifact id: '817ccac4ff91d4e89e009f24c29892b9') in 0.008316 seconds
Number of updated asset objects reloaded before import = 0
Number of asset objects unloaded after import = 3
========================================================================
Received Import Request.
  Time since last request: 0.000013 seconds.
  path: Assets/Models/Enviroment/Generator_3.asset
  artifactKey: Guid(27b0524d4fc6bd747ad54a068c046bcf) Importer(815301076,1909f56bfc062723c751e8b465ee728b)
Start importing Assets/Models/Enviroment/Generator_3.asset using Guid(27b0524d4fc6bd747ad54a068c046bcf) Importer(815301076,1909f56bfc062723c751e8b465ee728b)  -> (artifact id: '5c88f7d3ff7130d0da0c49db38d83703') in 0.008018 seconds
Number of updated asset objects reloaded before import = 0
Number of asset objects unloaded after import = 3
========================================================================
Received Import Request.
  Time since last request: 0.000015 seconds.
  path: Assets/Models/Enviroment/Floor_11.asset
  artifactKey: Guid(1482841cdf8e3a744b730467296dc771) Importer(815301076,1909f56bfc062723c751e8b465ee728b)
Start importing Assets/Models/Enviroment/Floor_11.asset using Guid(1482841cdf8e3a744b730467296dc771) Importer(815301076,1909f56bfc062723c751e8b465ee728b)  -> (artifact id: 'afd74ba76bd3e58ca54d525b0f30ca1d') in 0.008864 seconds
Number of updated asset objects reloaded before import = 0
Number of asset objects unloaded after import = 3
========================================================================
Received Import Request.
  Time since last request: 24.302639 seconds.
  path: Assets/Models/Enviroment/Box_3.asset
  artifactKey: Guid(df7e169113b66934f9086c0305d711bb) Importer(815301076,1909f56bfc062723c751e8b465ee728b)
Start importing Assets/Models/Enviroment/Box_3.asset using Guid(df7e169113b66934f9086c0305d711bb) Importer(815301076,1909f56bfc062723c751e8b465ee728b)  -> (artifact id: '7fd7b03599cfeb9f895efe92a292365b') in 0.004992 seconds
Number of updated asset objects reloaded before import = 0
Number of asset objects unloaded after import = 3
========================================================================
Received Import Request.
  Time since last request: 0.000012 seconds.
  path: Assets/Models/Enviroment/Floor_13.asset
  artifactKey: Guid(f440f0f77a38768439fbd05a03d4dc7c) Importer(815301076,1909f56bfc062723c751e8b465ee728b)
Start importing Assets/Models/Enviroment/Floor_13.asset using Guid(f440f0f77a38768439fbd05a03d4dc7c) Importer(815301076,1909f56bfc062723c751e8b465ee728b)  -> (artifact id: 'b16effed4ffa3973a332ecf3f258a25a') in 0.004481 seconds
Number of updated asset objects reloaded before import = 0
Number of asset objects unloaded after import = 3
========================================================================
Received Import Request.
  Time since last request: 0.000020 seconds.
  path: Assets/Models/Enviroment/Floor_5.asset
  artifactKey: Guid(7d837c0b686705849b15f4eb01a87a08) Importer(815301076,1909f56bfc062723c751e8b465ee728b)
Start importing Assets/Models/Enviroment/Floor_5.asset using Guid(7d837c0b686705849b15f4eb01a87a08) Importer(815301076,1909f56bfc062723c751e8b465ee728b)  -> (artifact id: 'f55e08e2fe2a1e891fbda34472ce0025') in 0.005528 seconds
Number of updated asset objects reloaded before import = 0
Number of asset objects unloaded after import = 3
========================================================================
Received Import Request.
  Time since last request: 0.000020 seconds.
  path: Assets/Models/Enviroment/Floor_2.asset
  artifactKey: Guid(4f7730a335a8740419687509bd34e8e3) Importer(815301076,1909f56bfc062723c751e8b465ee728b)
Start importing Assets/Models/Enviroment/Floor_2.asset using Guid(4f7730a335a8740419687509bd34e8e3) Importer(815301076,1909f56bfc062723c751e8b465ee728b)  -> (artifact id: '2926e60ee78199f8fd3e61b3232d0ec6') in 0.005014 seconds
Number of updated asset objects reloaded before import = 0
Number of asset objects unloaded after import = 3
========================================================================
Received Import Request.
  Time since last request: 0.000012 seconds.
  path: Assets/Models/Enviroment/Floor_9.asset
  artifactKey: Guid(6c9226173c9d3c940871351f9ac84fe8) Importer(815301076,1909f56bfc062723c751e8b465ee728b)
Start importing Assets/Models/Enviroment/Floor_9.asset using Guid(6c9226173c9d3c940871351f9ac84fe8) Importer(815301076,1909f56bfc062723c751e8b465ee728b)  -> (artifact id: '61686771f4fda4d31457bdd67aa8db8b') in 0.004807 seconds
Number of updated asset objects reloaded before import = 0
Number of asset objects unloaded after import = 3
========================================================================
Received Import Request.
  Time since last request: 0.000011 seconds.
  path: Assets/Models/Enviroment/Generator_2.asset
  artifactKey: Guid(a8629fb1d640c7f48b382923a76b0472) Importer(815301076,1909f56bfc062723c751e8b465ee728b)
Start importing Assets/Models/Enviroment/Generator_2.asset using Guid(a8629fb1d640c7f48b382923a76b0472) Importer(815301076,1909f56bfc062723c751e8b465ee728b)  -> (artifact id: '8e33751b857eba64598a61cbedc3ee47') in 0.005530 seconds
Number of updated asset objects reloaded before import = 0
Number of asset objects unloaded after import = 3
========================================================================
Received Import Request.
  Time since last request: 0.000014 seconds.
  path: Assets/Models/Enviroment/Generator_6.asset
  artifactKey: Guid(969b41ae86488144a906a119e51548cb) Importer(815301076,1909f56bfc062723c751e8b465ee728b)
Start importing Assets/Models/Enviroment/Generator_6.asset using Guid(969b41ae86488144a906a119e51548cb) Importer(815301076,1909f56bfc062723c751e8b465ee728b)  -> (artifact id: 'ec30f278cbe792be3869e0101f5a6b26') in 0.004740 seconds
Number of updated asset objects reloaded before import = 0
Number of asset objects unloaded after import = 3
========================================================================
Received Import Request.
  Time since last request: 0.000017 seconds.
  path: Assets/Models/Enviroment/Floor_10.asset
  artifactKey: Guid(57104ee31166c6744aa7c7c39cae0973) Importer(815301076,1909f56bfc062723c751e8b465ee728b)
Start importing Assets/Models/Enviroment/Floor_10.asset using Guid(57104ee31166c6744aa7c7c39cae0973) Importer(815301076,1909f56bfc062723c751e8b465ee728b)  -> (artifact id: '8f40d0d7ba9b10e407b5de8e2d169ea9') in 0.004641 seconds
Number of updated asset objects reloaded before import = 0
Number of asset objects unloaded after import = 3
========================================================================
Received Import Request.
  Time since last request: 0.000014 seconds.
  path: Assets/Models/Enviroment/Generator_1.asset
  artifactKey: Guid(b7f61352ac8e6ad4c99e112ddaaa89d5) Importer(815301076,1909f56bfc062723c751e8b465ee728b)
Start importing Assets/Models/Enviroment/Generator_1.asset using Guid(b7f61352ac8e6ad4c99e112ddaaa89d5) Importer(815301076,1909f56bfc062723c751e8b465ee728b)  -> (artifact id: 'd8b5dc0326e435831cb3042b9f3dc2fa') in 0.004907 seconds
Number of updated asset objects reloaded before import = 0
Number of asset objects unloaded after import = 3
========================================================================
Received Import Request.
  Time since last request: 0.000016 seconds.
  path: Assets/Models/Enviroment/Floor_6.asset
  artifactKey: Guid(717a72d2e1c197c459cdf3bc47835ca5) Importer(815301076,1909f56bfc062723c751e8b465ee728b)
Start importing Assets/Models/Enviroment/Floor_6.asset using Guid(717a72d2e1c197c459cdf3bc47835ca5) Importer(815301076,1909f56bfc062723c751e8b465ee728b)  -> (artifact id: '2b550a993b3f2ad9bba9ea3ef228e81c') in 0.006587 seconds
Number of updated asset objects reloaded before import = 0
Number of asset objects unloaded after import = 3
========================================================================
Received Import Request.
  Time since last request: 0.000012 seconds.
  path: Assets/Models/Enviroment/Floor_11.asset
  artifactKey: Guid(1482841cdf8e3a744b730467296dc771) Importer(815301076,1909f56bfc062723c751e8b465ee728b)
Start importing Assets/Models/Enviroment/Floor_11.asset using Guid(1482841cdf8e3a744b730467296dc771) Importer(815301076,1909f56bfc062723c751e8b465ee728b)  -> (artifact id: 'b9d7ba73cc31ac160cc70ee7cfe5965d') in 0.004640 seconds
Number of updated asset objects reloaded before import = 0
Number of asset objects unloaded after import = 3
========================================================================
Received Import Request.
  Time since last request: 41.745599 seconds.
  path: Assets/Models/Enviroment/Box_3.asset
  artifactKey: Guid(df7e169113b66934f9086c0305d711bb) Importer(815301076,1909f56bfc062723c751e8b465ee728b)
Start importing Assets/Models/Enviroment/Box_3.asset using Guid(df7e169113b66934f9086c0305d711bb) Importer(815301076,1909f56bfc062723c751e8b465ee728b)  -> (artifact id: 'd23a05de8038a573d42a15b0868d7f67') in 0.005588 seconds
Number of updated asset objects reloaded before import = 0
Number of asset objects unloaded after import = 3
========================================================================
Received Import Request.
  Time since last request: 0.000015 seconds.
  path: Assets/Models/Enviroment/Floor_13.asset
  artifactKey: Guid(f440f0f77a38768439fbd05a03d4dc7c) Importer(815301076,1909f56bfc062723c751e8b465ee728b)
Start importing Assets/Models/Enviroment/Floor_13.asset using Guid(f440f0f77a38768439fbd05a03d4dc7c) Importer(815301076,1909f56bfc062723c751e8b465ee728b)  -> (artifact id: '9994e87a4f2c2d7e9c86677860ae322c') in 0.006973 seconds
Number of updated asset objects reloaded before import = 0
Number of asset objects unloaded after import = 3
========================================================================
Received Import Request.
  Time since last request: 0.000016 seconds.
  path: Assets/Models/Enviroment/Floor_5.asset
  artifactKey: Guid(7d837c0b686705849b15f4eb01a87a08) Importer(815301076,1909f56bfc062723c751e8b465ee728b)
Start importing Assets/Models/Enviroment/Floor_5.asset using Guid(7d837c0b686705849b15f4eb01a87a08) Importer(815301076,1909f56bfc062723c751e8b465ee728b)  -> (artifact id: '8a0df49d6a0ec679d232df8f71cd0215') in 0.007967 seconds
Number of updated asset objects reloaded before import = 0
Number of asset objects unloaded after import = 3
========================================================================
Received Import Request.
  Time since last request: 0.000016 seconds.
  path: Assets/Models/Enviroment/Generator_5.asset
  artifactKey: Guid(9e14aa41a00417f48a00d33f9cf764a1) Importer(815301076,1909f56bfc062723c751e8b465ee728b)
Start importing Assets/Models/Enviroment/Generator_5.asset using Guid(9e14aa41a00417f48a00d33f9cf764a1) Importer(815301076,1909f56bfc062723c751e8b465ee728b)  -> (artifact id: '28f8c76a709791084fd8b88228b24de1') in 0.006697 seconds
Number of updated asset objects reloaded before import = 0
Number of asset objects unloaded after import = 3
========================================================================
Received Import Request.
  Time since last request: 0.000015 seconds.
  path: Assets/Models/Enviroment/Generator_2.asset
  artifactKey: Guid(a8629fb1d640c7f48b382923a76b0472) Importer(815301076,1909f56bfc062723c751e8b465ee728b)
Start importing Assets/Models/Enviroment/Generator_2.asset using Guid(a8629fb1d640c7f48b382923a76b0472) Importer(815301076,1909f56bfc062723c751e8b465ee728b)  -> (artifact id: 'cc93e99a43cbe86d34d06ea20f0f4f37') in 0.005311 seconds
Number of updated asset objects reloaded before import = 0
Number of asset objects unloaded after import = 3
========================================================================
Received Import Request.
  Time since last request: 0.000015 seconds.
  path: Assets/Models/Enviroment/Floor_10.asset
  artifactKey: Guid(57104ee31166c6744aa7c7c39cae0973) Importer(815301076,1909f56bfc062723c751e8b465ee728b)
Start importing Assets/Models/Enviroment/Floor_10.asset using Guid(57104ee31166c6744aa7c7c39cae0973) Importer(815301076,1909f56bfc062723c751e8b465ee728b)  -> (artifact id: 'ad5320a283b51f8cbdadff0c05d119f6') in 0.006887 seconds
Number of updated asset objects reloaded before import = 0
Number of asset objects unloaded after import = 3
========================================================================
Received Import Request.
  Time since last request: 0.000017 seconds.
  path: Assets/Models/Enviroment/Generator_1.asset
  artifactKey: Guid(b7f61352ac8e6ad4c99e112ddaaa89d5) Importer(815301076,1909f56bfc062723c751e8b465ee728b)
Start importing Assets/Models/Enviroment/Generator_1.asset using Guid(b7f61352ac8e6ad4c99e112ddaaa89d5) Importer(815301076,1909f56bfc062723c751e8b465ee728b)  -> (artifact id: '2f082fea1790ea55db1e6300f910d4e3') in 0.006149 seconds
Number of updated asset objects reloaded before import = 0
Number of asset objects unloaded after import = 3
========================================================================
Received Import Request.
  Time since last request: 0.000023 seconds.
  path: Assets/Models/Enviroment/Floor_6.asset
  artifactKey: Guid(717a72d2e1c197c459cdf3bc47835ca5) Importer(815301076,1909f56bfc062723c751e8b465ee728b)
Start importing Assets/Models/Enviroment/Floor_6.asset using Guid(717a72d2e1c197c459cdf3bc47835ca5) Importer(815301076,1909f56bfc062723c751e8b465ee728b)  -> (artifact id: '8fa0f143e4f90d677e6425a696c9ea5f') in 0.012755 seconds
Number of updated asset objects reloaded before import = 0
Number of asset objects unloaded after import = 3
========================================================================
Received Import Request.
  Time since last request: 0.000015 seconds.
  path: Assets/Models/Enviroment/Floor_11.asset
  artifactKey: Guid(1482841cdf8e3a744b730467296dc771) Importer(815301076,1909f56bfc062723c751e8b465ee728b)
Start importing Assets/Models/Enviroment/Floor_11.asset using Guid(1482841cdf8e3a744b730467296dc771) Importer(815301076,1909f56bfc062723c751e8b465ee728b)  -> (artifact id: 'dacfb66d4b237b6695dbd043edcec81f') in 0.004727 seconds
Number of updated asset objects reloaded before import = 0
Number of asset objects unloaded after import = 3
========================================================================
Received Import Request.
  Time since last request: 176.553501 seconds.
  path: Assets/Models/Enemy/Enemy.prefab
  artifactKey: Guid(431ad6541432e2c4faff8f77c8f090bb) Importer(815301076,1909f56bfc062723c751e8b465ee728b)
Start importing Assets/Models/Enemy/Enemy.prefab using Guid(431ad6541432e2c4faff8f77c8f090bb) Importer(815301076,1909f56bfc062723c751e8b465ee728b)  -> (artifact id: '25a45c7bc5a97bb736b14acafdf224b2') in 0.220235 seconds
Number of updated asset objects reloaded before import = 0
Number of asset objects unloaded after import = 66
========================================================================
Received Import Request.
  Time since last request: 41.237111 seconds.
  path: Assets/Models/Enemy/Enemy Variant 1.prefab
  artifactKey: Guid(3d777d159c9a301409ba21b4fe624508) Importer(815301076,1909f56bfc062723c751e8b465ee728b)
Start importing Assets/Models/Enemy/Enemy Variant 1.prefab using Guid(3d777d159c9a301409ba21b4fe624508) Importer(815301076,1909f56bfc062723c751e8b465ee728b)  -> (artifact id: 'd4945aeea191427fb73c4985ad9ae37a') in 0.014493 seconds
Number of updated asset objects reloaded before import = 0
Number of asset objects unloaded after import = 87
========================================================================
Received Import Request.
  Time since last request: 16.942310 seconds.
  path: Assets/Models/Enemy/Enemy Variant 1.prefab
  artifactKey: Guid(3d777d159c9a301409ba21b4fe624508) Importer(815301076,1909f56bfc062723c751e8b465ee728b)
Start importing Assets/Models/Enemy/Enemy Variant 1.prefab using Guid(3d777d159c9a301409ba21b4fe624508) Importer(815301076,1909f56bfc062723c751e8b465ee728b)  -> (artifact id: '3af469cd97699e1c094f483c2b4626bb') in 0.011516 seconds
Number of updated asset objects reloaded before import = 0
Number of asset objects unloaded after import = 87
========================================================================
Received Import Request.
  Time since last request: 17.257297 seconds.
  path: Assets/Models/Enemy/Enemy Variant 1.prefab
  artifactKey: Guid(3d777d159c9a301409ba21b4fe624508) Importer(815301076,1909f56bfc062723c751e8b465ee728b)
Start importing Assets/Models/Enemy/Enemy Variant 1.prefab using Guid(3d777d159c9a301409ba21b4fe624508) Importer(815301076,1909f56bfc062723c751e8b465ee728b)  -> (artifact id: 'dc052ad40581194507927955d2e63054') in 0.012775 seconds
Number of updated asset objects reloaded before import = 0
Number of asset objects unloaded after import = 87
========================================================================
Received Import Request.
  Time since last request: 196.054670 seconds.
  path: Assets/Models/Enviroment/Top_1.asset
  artifactKey: Guid(6ab0d3ae94cae204ea0507616172aef9) Importer(815301076,1909f56bfc062723c751e8b465ee728b)
Start importing Assets/Models/Enviroment/Top_1.asset using Guid(6ab0d3ae94cae204ea0507616172aef9) Importer(815301076,1909f56bfc062723c751e8b465ee728b)  -> (artifact id: 'a68c1d369be35c90957e5fa2792e956a') in 0.012614 seconds
Number of updated asset objects reloaded before import = 0
Number of asset objects unloaded after import = 3
========================================================================
Received Import Request.
  Time since last request: 0.000022 seconds.
  path: Assets/Models/Enviroment/Wall_5.asset
  artifactKey: Guid(7ed19fb22a2ca774eb356ed72b36d792) Importer(815301076,1909f56bfc062723c751e8b465ee728b)
Start importing Assets/Models/Enviroment/Wall_5.asset using Guid(7ed19fb22a2ca774eb356ed72b36d792) Importer(815301076,1909f56bfc062723c751e8b465ee728b)  -> (artifact id: '10cad26d640a07f0dc0d0695af46b463') in 0.010235 seconds
Number of updated asset objects reloaded before import = 0
Number of asset objects unloaded after import = 3
========================================================================
Received Import Request.
  Time since last request: 0.000023 seconds.
  path: Assets/Models/Enviroment/Wall_6.asset
  artifactKey: Guid(a2b63bfbbe90be241b37a0a906ecdf4b) Importer(815301076,1909f56bfc062723c751e8b465ee728b)
Start importing Assets/Models/Enviroment/Wall_6.asset using Guid(a2b63bfbbe90be241b37a0a906ecdf4b) Importer(815301076,1909f56bfc062723c751e8b465ee728b)  -> (artifact id: 'd43d66a746ce8f719b70720ca354fdc8') in 0.009193 seconds
Number of updated asset objects reloaded before import = 0
Number of asset objects unloaded after import = 3
========================================================================
Received Import Request.
  Time since last request: 0.000018 seconds.
  path: Assets/Models/Enviroment/Wall_8.asset
  artifactKey: Guid(63977b3692b855a4a88e6cce5934f864) Importer(815301076,1909f56bfc062723c751e8b465ee728b)
Start importing Assets/Models/Enviroment/Wall_8.asset using Guid(63977b3692b855a4a88e6cce5934f864) Importer(815301076,1909f56bfc062723c751e8b465ee728b)  -> (artifact id: '6d8917b51e58234a2bd880e702364e1e') in 0.010277 seconds
Number of updated asset objects reloaded before import = 0
Number of asset objects unloaded after import = 3
========================================================================
Received Import Request.
  Time since last request: 0.000019 seconds.
  path: Assets/Models/Enviroment/Wall_7.asset
  artifactKey: Guid(54bb3a866bdd18244bb16b6bbc1dfaf1) Importer(815301076,1909f56bfc062723c751e8b465ee728b)
Start importing Assets/Models/Enviroment/Wall_7.asset using Guid(54bb3a866bdd18244bb16b6bbc1dfaf1) Importer(815301076,1909f56bfc062723c751e8b465ee728b)  -> (artifact id: '93164e1bcc48c84526402c747c8da350') in 0.009121 seconds
Number of updated asset objects reloaded before import = 0
Number of asset objects unloaded after import = 3
========================================================================
Received Import Request.
  Time since last request: 0.000015 seconds.
  path: Assets/Models/Enviroment/Wall_1.asset
  artifactKey: Guid(6cd55a6fa6b064f4cb14fdc272a33fd6) Importer(815301076,1909f56bfc062723c751e8b465ee728b)
Start importing Assets/Models/Enviroment/Wall_1.asset using Guid(6cd55a6fa6b064f4cb14fdc272a33fd6) Importer(815301076,1909f56bfc062723c751e8b465ee728b)  -> (artifact id: '10e48c6c69eafb6e5d91b85185671e46') in 0.009019 seconds
Number of updated asset objects reloaded before import = 0
Number of asset objects unloaded after import = 3
Editor requested this worker to shutdown with reason: Scaling down because of idle timeout
TcpMessagingSession - receive error: operation aborted. errorcode: 995, details: Operacja We/Wy zosta³a przerwana z powodu zakoñczenia w¹tku lub ¿¹dania aplikacji.
AssetImportWorker is now disconnected from the server
Process exiting
Exiting without the bug reporter. Application will terminate with return code 0